<?xml version="1.0" encoding="UTF-8"?>
<!-- Generated by org.testng.reporters.JUnitReportReporter -->
<testsuite hostname="DESKTOP-0N88LAP" failures="0" tests="1" name="com.qa.testsScripts.TC_AmazonSearchItem_001" time="16.723" errors="0" timestamp="2021-01-31T13:14:30 IST" skipped="0">
  <testcase classname="com.qa.testsScripts.TC_AmazonSearchItem_001" name="searchItem" time="16.723"/>
  <system-out>
Title is correct  </system-out>
</testsuite> <!-- com.qa.testsScripts.TC_AmazonSearchItem_001 -->
