<?xml version="1.0" encoding="UTF-8"?>
<!-- Generated by org.testng.reporters.JUnitReportReporter -->
<testsuite skipped="0" hostname="DESKTOP-0N88LAP" name="com.qa.testsScripts.TC_AmazonSearchItemDDT_003" tests="3" failures="1" timestamp="2021-01-31T17:16:39 IST" time="84.189" errors="0">
  <testcase name="searchItemDDT" time="26.132" classname="com.qa.testsScripts.TC_AmazonSearchItemDDT_003">
    <failure type="java.lang.AssertionError">
      <![CDATA[java.lang.AssertionError
at org.junit.Assert.fail(Assert.java:86)
at org.junit.Assert.assertTrue(Assert.java:41)
at org.junit.Assert.assertTrue(Assert.java:52)
at com.qa.testsScripts.TC_AmazonSearchItemDDT_003.searchItemDDT(TC_AmazonSearchItemDDT_003.java:47)
at sun.reflect.NativeMethodAccessorImpl.invoke0(Native Method)
at sun.reflect.NativeMethodAccessorImpl.invoke(NativeMethodAccessorImpl.java:62)
at sun.reflect.DelegatingMethodAccessorImpl.invoke(DelegatingMethodAccessorImpl.java:43)
at java.lang.reflect.Method.invoke(Method.java:498)
at org.testng.internal.MethodInvocationHelper.invokeMethod(MethodInvocationHelper.java:132)
at org.testng.internal.TestInvoker.invokeMethod(TestInvoker.java:599)
at org.testng.internal.TestInvoker.invokeTestMethod(TestInvoker.java:174)
at org.testng.internal.MethodRunner.runInSequence(MethodRunner.java:46)
at org.testng.internal.TestInvoker$MethodInvocationAgent.invoke(TestInvoker.java:822)
at org.testng.internal.TestInvoker.invokeTestMethods(TestInvoker.java:147)
at org.testng.internal.TestMethodWorker.invokeTestMethods(TestMethodWorker.java:146)
at org.testng.internal.TestMethodWorker.run(TestMethodWorker.java:128)
at java.util.ArrayList.forEach(ArrayList.java:1259)
at org.testng.TestRunner.privateRun(TestRunner.java:764)
at org.testng.TestRunner.run(TestRunner.java:585)
at org.testng.SuiteRunner.runTest(SuiteRunner.java:384)
at org.testng.SuiteRunner.runSequentially(SuiteRunner.java:378)
at org.testng.SuiteRunner.privateRun(SuiteRunner.java:337)
at org.testng.SuiteRunner.run(SuiteRunner.java:286)
at org.testng.SuiteRunnerWorker.runSuite(SuiteRunnerWorker.java:53)
at org.testng.SuiteRunnerWorker.run(SuiteRunnerWorker.java:96)
at org.testng.TestNG.runSuitesSequentially(TestNG.java:1218)
at org.testng.TestNG.runSuitesLocally(TestNG.java:1140)
at org.testng.TestNG.runSuites(TestNG.java:1069)
at org.testng.TestNG.run(TestNG.java:1037)
at org.apache.maven.surefire.testng.TestNGExecutor.run(TestNGExecutor.java:283)
at org.apache.maven.surefire.testng.TestNGXmlTestSuite.execute(TestNGXmlTestSuite.java:75)
at org.apache.maven.surefire.testng.TestNGProvider.invoke(TestNGProvider.java:120)
at org.apache.maven.surefire.booter.ForkedBooter.invokeProviderInSameClassLoader(ForkedBooter.java:384)
at org.apache.maven.surefire.booter.ForkedBooter.runSuitesInProcess(ForkedBooter.java:345)
at org.apache.maven.surefire.booter.ForkedBooter.execute(ForkedBooter.java:126)
at org.apache.maven.surefire.booter.ForkedBooter.main(ForkedBooter.java:418)
]]>
    </failure>
  </testcase> <!-- searchItemDDT -->
  <system-out>
There are no items displayed  </system-out>
  <testcase name="searchItemDDT" time="20.868" classname="com.qa.testsScripts.TC_AmazonSearchItemDDT_003"/>
  <system-out>
There are items displayed The Da Vinci Code: (Robert Langdon Book 2) The Da Vinci Code (Abridged Edition) Davinci Code The Da Vinci Code DA VINCI CODE THE DA VINCI CODE : A QUEST FOR ANSWERS (Hindi) हिंदी Robert Langdon Series Collection 7 Books Set By Dan Brown (Angels And Demons, The Da Vinci Code, The Lost Symbol, Inferno, Origin, Digital Fortress, Deception Point) Angels and Demons: (Robert Langdon Book 1) Battle for Power Terror on the Divine The Da Vinci Code The Da Vinci Code Da Vinci: El Codigo Secreto / the Secret Code The da Vinci code The Da Vinci Code Angels and Demons + The Da Vinci Code + The Lost Symbol(Set of 3 Books) Da vinci Code The Robert Langdon Collection by Dan Brown: Inferno/The Lost Symbol/The Da Vinci Code/Angels & Demons The Complete Novels of Sherlock Holmes The Last Nazi: a WW2 spy conspiracy thriller (A Joe Johnson Thriller, Book 1) Strangers to the Known: Karma finds its way The Ghost Mystery at Showmoon Mansion: Shaishav-7  </system-out>
  <testcase name="searchItemDDT" time="37.189" classname="com.qa.testsScripts.TC_AmazonSearchItemDDT_003"/>
  <system-out>
There are items displayed OnePlus 8T 5G (Lunar Silver, 8GB RAM, 128GB Storage) LG Wing (Illusion Sky, 128 GB) (8 GB RAM)- Versatile Multi-Screen, Charger Included Panasonic Eluga i7 (2GB RAM, 16GB Storage, Finger Print Sensor, 4000mAh Battery) (Black) Nokia 105 Single SIM (Black) Samsung Galaxy M02s (Blue,4GB RAM, 64GB Storage) | 5000 mAh | Triple Camera Redmi 9 (Sky Blue, 4GB RAM, 64GB Storage) Nokia 225 4G Dual SIM Feature Phone with Long Battery Life, Camera, Multiplayer Games, and Premium Finish – Black Colour Redmi 8A Dual (Sea Blue, 3GB RAM, 32GB Storage) – Dual Cameras & 5,000 mAH Battery Samsung Galaxy M01 Core (Red, 2GB RAM, 32GB Storage) with No Cost EMI/Additional Exchange Offers Samsung Galaxy M01 Core (Blue, 1GB RAM, 16GB Storage) with No Cost EMI/Additional Exchange Offers Samsung Galaxy M01 (Blue, 3GB RAM, 32GB Storage) with No Cost EMI/Additional Exchange Offers Samsung Galaxy M21 (Midnight Blue, 4GB RAM, 64GB Storage) Oppo A31 (Fantasy White, 6GB RAM, 128GB Storage) with No Cost EMI/Additional Exchange Offers Redmi Note 9 Pro (Interstellar Black, 4GB RAM, 64GB Storage)- Latest 8nm Snapdragon 720G & Alexa Hands-Free | Upto 6 Months No Cost EMI itel A48 (Gradation Green, 2GB RAM, 32GB Storage) TRIO T8 Boss Feature Mobile Phone with, Dual SIM Card, Powerful Battery, Stereo Sound, Bright LED Torch, Call Recorder | Palm Friendly Grip with 2.4" QVGA TFT Screen, (Champagne Gold)… OrderIQ Mobile Phone 3D Screen Magnifier 3D Video Screen Amplifier Eyes Protection Enlarged Expander Support for All Smartphones ELV Desktop Cell Phone Stand Tablet Stand, Aluminum Stand Holder for Mobile Phone (All Size) and Tablet (Up to 10.1 inch) - Black XENTEK (Festival Sale :Deal of The Day) Mobile Phone 3D Screen Magnifier Watch Enlarged Video Cartoon ETC with Eyes Protection *Limited TIME Deal* STRIFF Multi Angle Mobile Stand. Phone Holder for iPhone, Android, Samsung, OnePlus, Xiaomi. Portable,Foldable Cell Phone Stand.Perfect for Bed,Office, Home,Gift and Desktop (Black) HUMBLE Universal 360 Degree Adjustable Mobile Phone Holder for Bicycle | Bike | Motorcycle | Ideal for Maps | Navigation | Charging - Black Portronics CLAMP X POR-1101 Car-Vent Mobile Holder with Adjustable Side Arm for Smartphones (Z-Black) ELV Car Mount Adjustable Car Phone Holder Universal Long Arm, Windshield for Smartphones - Black I KALL K320 4G Dual Sim Smart Phone (Purple, 4GB RAM, 64GB Storage, 6.53 Inch) CEUTA® All Android and iOS Mobile Phones Universal Waterproof Hand Fitness Armband Pouch/Arm Belt/Case for Running Hiking Jogging Sports and Gym Activities, Up to 6 inch - Multi Color Tygot Adjustable Aluminium Alloy Tripod Stand Holder for Mobile Phones & Camera, 360 mm -1050 mm, 1/4 inch Screw + Mobile Holder Bracket Case Plus Adjustable Aluminium Alloy Tripod Stand Holder for Mobile Phones & Camera, 360 mm -1050 mm, 1/4 inch Screw + Mobile Holder Bracket (Aluminium Alloy Tripod Stand) ELV Aluminum Adjustable Mobile Phone Foldable Holder Stand Dock Mount for All Smartphones, Tabs, Kindle, iPad (Black)  </system-out>
</testsuite> <!-- com.qa.testsScripts.TC_AmazonSearchItemDDT_003 -->
