<?xml version="1.0" encoding="UTF-8"?>
<!-- Generated by org.testng.reporters.JUnitReportReporter -->
<testsuite skipped="0" hostname="DESKTOP-0N88LAP" name="com.qa.testsScripts.TC_AmazonSearchItem_001" tests="1" failures="0" timestamp="2021-01-31T17:16:40 IST" time="28.091" errors="0">
  <testcase name="searchItem" time="28.091" classname="com.qa.testsScripts.TC_AmazonSearchItem_001"/>
  <system-out>
Title is correct  </system-out>
</testsuite> <!-- com.qa.testsScripts.TC_AmazonSearchItem_001 -->
